{"/home/runner/work/potential-bassoon/potential-bassoon/backend/src/app.ts": {"path":"/home/runner/work/potential-bassoon/potential-bassoon/backend/src/app.ts","statementMap":{"0":{"start":{"line":1,"column":0},"end":{"line":1,"column":47}},"1":{"start":{"line":2,"column":0},"end":{"line":2,"column":24}},"2":{"start":{"line":3,"column":0},"end":{"line":3,"column":34}},"3":{"start":{"line":4,"column":0},"end":{"line":4,"column":30}},"4":{"start":{"line":5,"column":0},"end":{"line":5,"column":67}},"5":{"start":{"line":6,"column":0},"end":{"line":6,"column":45}},"6":{"start":{"line":8,"column":25},"end":{"line":8,"column":34}},"7":{"start":{"line":11,"column":0},"end":{"line":14,"column":4}},"8":{"start":{"line":15,"column":0},"end":{"line":15,"column":24}},"9":{"start":{"line":16,"column":0},"end":{"line":16,"column":48}},"10":{"start":{"line":17,"column":0},"end":{"line":17,"column":16}},"11":{"start":{"line":20,"column":0},"end":{"line":20,"column":24}},"12":{"start":{"line":23,"column":0},"end":{"line":23,"column":18}},"13":{"start":{"line":24,"column":0},"end":{"line":24,"column":22}},"14":{"start":{"line":26,"column":0},"end":{"line":26,"column":19}}},"fnMap":{},"branchMap":{},"s":{"0":1,"1":1,"2":1,"3":1,"4":1,"5":1,"6":1,"7":1,"8":1,"9":1,"10":1,"11":1,"12":1,"13":1,"14":1},"f":{},"b":{}}
,"/home/runner/work/potential-bassoon/potential-bassoon/backend/src/server.ts": {"path":"/home/runner/work/potential-bassoon/potential-bassoon/backend/src/server.ts","statementMap":{"0":{"start":{"line":1,"column":0},"end":{"line":1,"column":24}},"1":{"start":{"line":2,"column":0},"end":{"line":2,"column":34}},"2":{"start":{"line":3,"column":0},"end":{"line":3,"column":46}},"3":{"start":{"line":5,"column":20},"end":{"line":18,"column":1}},"4":{"start":{"line":6,"column":2},"end":{"line":17,"column":3}},"5":{"start":{"line":8,"column":4},"end":{"line":8,"column":22}},"6":{"start":{"line":11,"column":4},"end":{"line":13,"column":7}},"7":{"start":{"line":12,"column":6},"end":{"line":12,"column":85}},"8":{"start":{"line":15,"column":4},"end":{"line":15,"column":52}},"9":{"start":{"line":16,"column":4},"end":{"line":16,"column":20}},"10":{"start":{"line":20,"column":0},"end":{"line":20,"column":14}}},"fnMap":{"0":{"name":"(anonymous_1)","decl":{"start":{"line":5,"column":20},"end":{"line":5,"column":25}},"loc":{"start":{"line":5,"column":46},"end":{"line":18,"column":1}}},"1":{"name":"(anonymous_2)","decl":{"start":{"line":11,"column":28},"end":{"line":11,"column":31}},"loc":{"start":{"line":11,"column":33},"end":{"line":13,"column":5}}}},"branchMap":{},"s":{"0":0,"1":0,"2":0,"3":0,"4":0,"5":0,"6":0,"7":0,"8":0,"9":0,"10":0},"f":{"0":0,"1":0},"b":{}}
,"/home/runner/work/potential-bassoon/potential-bassoon/backend/src/config/database.ts": {"path":"/home/runner/work/potential-bassoon/potential-bassoon/backend/src/config/database.ts","statementMap":{"0":{"start":{"line":1,"column":0},"end":{"line":1,"column":32}},"1":{"start":{"line":2,"column":0},"end":{"line":2,"column":33}},"2":{"start":{"line":4,"column":25},"end":{"line":12,"column":1}},"3":{"start":{"line":5,"column":2},"end":{"line":11,"column":3}},"4":{"start":{"line":6,"column":17},"end":{"line":6,"column":58}},"5":{"start":{"line":7,"column":4},"end":{"line":7,"column":62}},"6":{"start":{"line":9,"column":4},"end":{"line":9,"column":59}},"7":{"start":{"line":10,"column":4},"end":{"line":10,"column":20}},"8":{"start":{"line":4,"column":13},"end":{"line":4,"column":25}}},"fnMap":{"0":{"name":"(anonymous_1)","decl":{"start":{"line":4,"column":25},"end":{"line":4,"column":30}},"loc":{"start":{"line":4,"column":51},"end":{"line":12,"column":1}}}},"branchMap":{},"s":{"0":0,"1":0,"2":0,"3":0,"4":0,"5":0,"6":0,"7":0,"8":0},"f":{"0":0},"b":{}}
,"/home/runner/work/potential-bassoon/potential-bassoon/backend/src/config/index.ts": {"path":"/home/runner/work/potential-bassoon/potential-bassoon/backend/src/config/index.ts","statementMap":{"0":{"start":{"line":1,"column":0},"end":{"line":1,"column":28}},"1":{"start":{"line":4,"column":0},"end":{"line":4,"column":16}},"2":{"start":{"line":15,"column":13},"end":{"line":22,"column":2}}},"fnMap":{},"branchMap":{"0":{"loc":{"start":{"line":16,"column":8},"end":{"line":16,"column":40}},"type":"binary-expr","locations":[{"start":{"line":16,"column":8},"end":{"line":16,"column":32}},{"start":{"line":16,"column":36},"end":{"line":16,"column":40}}]},"1":{"loc":{"start":{"line":17,"column":11},"end":{"line":17,"column":48}},"type":"binary-expr","locations":[{"start":{"line":17,"column":11},"end":{"line":17,"column":31}},{"start":{"line":17,"column":35},"end":{"line":17,"column":48}}]},"2":{"loc":{"start":{"line":18,"column":14},"end":{"line":18,"column":86}},"type":"binary-expr","locations":[{"start":{"line":18,"column":14},"end":{"line":18,"column":37}},{"start":{"line":18,"column":41},"end":{"line":18,"column":86}}]},"3":{"loc":{"start":{"line":19,"column":13},"end":{"line":19,"column":56}},"type":"binary-expr","locations":[{"start":{"line":19,"column":13},"end":{"line":19,"column":35}},{"start":{"line":19,"column":39},"end":{"line":19,"column":56}}]},"4":{"loc":{"start":{"line":20,"column":13},"end":{"line":20,"column":43}},"type":"binary-expr","locations":[{"start":{"line":20,"column":13},"end":{"line":20,"column":35}},{"start":{"line":20,"column":39},"end":{"line":20,"column":43}}]},"5":{"loc":{"start":{"line":21,"column":15},"end":{"line":21,"column":66}},"type":"binary-expr","locations":[{"start":{"line":21,"column":15},"end":{"line":21,"column":39}},{"start":{"line":21,"column":43},"end":{"line":21,"column":66}}]}},"s":{"0":1,"1":1,"2":1},"f":{},"b":{"0":[1,1],"1":[1,0],"2":[1,1],"3":[1,1],"4":[1,1],"5":[1,1]}}
,"/home/runner/work/potential-bassoon/potential-bassoon/backend/src/controllers/authController.ts": {"path":"/home/runner/work/potential-bassoon/potential-bassoon/backend/src/controllers/authController.ts","statementMap":{"0":{"start":{"line":2,"column":0},"end":{"line":2,"column":48}},"1":{"start":{"line":3,"column":0},"end":{"line":3,"column":22}},"2":{"start":{"line":4,"column":0},"end":{"line":4,"column":38}},"3":{"start":{"line":5,"column":0},"end":{"line":5,"column":35}},"4":{"start":{"line":6,"column":0},"end":{"line":6,"column":54}},"5":{"start":{"line":9,"column":23},"end":{"line":13,"column":2}},"6":{"start":{"line":15,"column":20},"end":{"line":18,"column":2}},"7":{"start":{"line":21,"column":22},"end":{"line":26,"column":1}},"8":{"start":{"line":22,"column":31},"end":{"line":24,"column":4}},"9":{"start":{"line":25,"column":2},"end":{"line":25,"column":53}},"10":{"start":{"line":31,"column":24},"end":{"line":77,"column":1}},"11":{"start":{"line":32,"column":2},"end":{"line":76,"column":3}},"12":{"start":{"line":34,"column":29},"end":{"line":34,"column":62}},"13":{"start":{"line":35,"column":4},"end":{"line":37,"column":5}},"14":{"start":{"line":36,"column":6},"end":{"line":36,"column":56}},"15":{"start":{"line":39,"column":38},"end":{"line":39,"column":43}},"16":{"start":{"line":42,"column":25},"end":{"line":42,"column":54}},"17":{"start":{"line":43,"column":4},"end":{"line":45,"column":5}},"18":{"start":{"line":44,"column":6},"end":{"line":44,"column":53}},"19":{"start":{"line":48,"column":17},"end":{"line":48,"column":61}},"20":{"start":{"line":51,"column":18},"end":{"line":51,"column":52}},"21":{"start":{"line":53,"column":4},"end":{"line":63,"column":7}},"22":{"start":{"line":65,"column":4},"end":{"line":75,"column":5}},"23":{"start":{"line":66,"column":6},"end":{"line":69,"column":9}},"24":{"start":{"line":71,"column":6},"end":{"line":74,"column":9}},"25":{"start":{"line":31,"column":13},"end":{"line":31,"column":24}},"26":{"start":{"line":82,"column":21},"end":{"line":131,"column":1}},"27":{"start":{"line":83,"column":2},"end":{"line":130,"column":3}},"28":{"start":{"line":85,"column":29},"end":{"line":85,"column":59}},"29":{"start":{"line":86,"column":4},"end":{"line":88,"column":5}},"30":{"start":{"line":87,"column":6},"end":{"line":87,"column":56}},"31":{"start":{"line":90,"column":32},"end":{"line":90,"column":37}},"32":{"start":{"line":93,"column":17},"end":{"line":93,"column":66}},"33":{"start":{"line":94,"column":4},"end":{"line":96,"column":5}},"34":{"start":{"line":95,"column":6},"end":{"line":95,"column":53}},"35":{"start":{"line":99,"column":20},"end":{"line":99,"column":56}},"36":{"start":{"line":100,"column":4},"end":{"line":102,"column":5}},"37":{"start":{"line":101,"column":6},"end":{"line":101,"column":53}},"38":{"start":{"line":105,"column":18},"end":{"line":105,"column":52}},"39":{"start":{"line":107,"column":4},"end":{"line":117,"column":7}},"40":{"start":{"line":119,"column":4},"end":{"line":129,"column":5}},"41":{"start":{"line":120,"column":6},"end":{"line":123,"column":9}},"42":{"start":{"line":125,"column":6},"end":{"line":128,"column":9}},"43":{"start":{"line":82,"column":13},"end":{"line":82,"column":21}},"44":{"start":{"line":136,"column":21},"end":{"line":156,"column":1}},"45":{"start":{"line":137,"column":2},"end":{"line":155,"column":3}},"46":{"start":{"line":138,"column":18},"end":{"line":138,"column":34}},"47":{"start":{"line":140,"column":4},"end":{"line":149,"column":7}},"48":{"start":{"line":151,"column":4},"end":{"line":154,"column":7}},"49":{"start":{"line":136,"column":13},"end":{"line":136,"column":21}}},"fnMap":{"0":{"name":"(anonymous_1)","decl":{"start":{"line":21,"column":22},"end":{"line":21,"column":23}},"loc":{"start":{"line":21,"column":45},"end":{"line":26,"column":1}}},"1":{"name":"(anonymous_2)","decl":{"start":{"line":31,"column":24},"end":{"line":31,"column":29}},"loc":{"start":{"line":31,"column":77},"end":{"line":77,"column":1}}},"2":{"name":"(anonymous_3)","decl":{"start":{"line":82,"column":21},"end":{"line":82,"column":26}},"loc":{"start":{"line":82,"column":74},"end":{"line":131,"column":1}}},"3":{"name":"(anonymous_4)","decl":{"start":{"line":136,"column":21},"end":{"line":136,"column":26}},"loc":{"start":{"line":136,"column":74},"end":{"line":156,"column":1}}}},"branchMap":{"0":{"loc":{"start":{"line":35,"column":4},"end":{"line":37,"column":5}},"type":"if","locations":[{"start":{"line":35,"column":4},"end":{"line":37,"column":5}}]},"1":{"loc":{"start":{"line":43,"column":4},"end":{"line":45,"column":5}},"type":"if","locations":[{"start":{"line":43,"column":4},"end":{"line":45,"column":5}}]},"2":{"loc":{"start":{"line":65,"column":4},"end":{"line":75,"column":5}},"type":"if","locations":[{"start":{"line":65,"column":4},"end":{"line":75,"column":5}},{"start":{"line":70,"column":11},"end":{"line":75,"column":5}}]},"3":{"loc":{"start":{"line":86,"column":4},"end":{"line":88,"column":5}},"type":"if","locations":[{"start":{"line":86,"column":4},"end":{"line":88,"column":5}}]},"4":{"loc":{"start":{"line":94,"column":4},"end":{"line":96,"column":5}},"type":"if","locations":[{"start":{"line":94,"column":4},"end":{"line":96,"column":5}}]},"5":{"loc":{"start":{"line":100,"column":4},"end":{"line":102,"column":5}},"type":"if","locations":[{"start":{"line":100,"column":4},"end":{"line":102,"column":5}}]},"6":{"loc":{"start":{"line":119,"column":4},"end":{"line":129,"column":5}},"type":"if","locations":[{"start":{"line":119,"column":4},"end":{"line":129,"column":5}},{"start":{"line":124,"column":11},"end":{"line":129,"column":5}}]}},"s":{"0":1,"1":1,"2":1,"3":1,"4":1,"5":1,"6":1,"7":1,"8":0,"9":0,"10":1,"11":0,"12":0,"13":0,"14":0,"15":0,"16":0,"17":0,"18":0,"19":0,"20":0,"21":0,"22":0,"23":0,"24":0,"25":1,"26":1,"27":0,"28":0,"29":0,"30":0,"31":0,"32":0,"33":0,"34":0,"35":0,"36":0,"37":0,"38":0,"39":0,"40":0,"41":0,"42":0,"43":1,"44":1,"45":0,"46":0,"47":0,"48":0,"49":1},"f":{"0":0,"1":0,"2":0,"3":0},"b":{"0":[0],"1":[0],"2":[0,0],"3":[0],"4":[0],"5":[0],"6":[0,0]}}
,"/home/runner/work/potential-bassoon/potential-bassoon/backend/src/controllers/taskController.ts": {"path":"/home/runner/work/potential-bassoon/potential-bassoon/backend/src/controllers/taskController.ts","statementMap":{"0":{"start":{"line":2,"column":0},"end":{"line":2,"column":22}},"1":{"start":{"line":3,"column":0},"end":{"line":3,"column":38}},"2":{"start":{"line":5,"column":0},"end":{"line":5,"column":54}},"3":{"start":{"line":8,"column":25},"end":{"line":12,"column":2}},"4":{"start":{"line":14,"column":25},"end":{"line":18,"column":2}},"5":{"start":{"line":23,"column":24},"end":{"line":38,"column":1}},"6":{"start":{"line":24,"column":2},"end":{"line":37,"column":3}},"7":{"start":{"line":25,"column":18},"end":{"line":25,"column":83}},"8":{"start":{"line":27,"column":4},"end":{"line":31,"column":7}},"9":{"start":{"line":33,"column":4},"end":{"line":36,"column":7}},"10":{"start":{"line":23,"column":13},"end":{"line":23,"column":24}},"11":{"start":{"line":43,"column":23},"end":{"line":71,"column":1}},"12":{"start":{"line":44,"column":2},"end":{"line":70,"column":3}},"13":{"start":{"line":45,"column":17},"end":{"line":48,"column":6}},"14":{"start":{"line":50,"column":4},"end":{"line":52,"column":5}},"15":{"start":{"line":51,"column":6},"end":{"line":51,"column":48}},"16":{"start":{"line":54,"column":4},"end":{"line":57,"column":7}},"17":{"start":{"line":59,"column":4},"end":{"line":69,"column":5}},"18":{"start":{"line":60,"column":6},"end":{"line":63,"column":9}},"19":{"start":{"line":65,"column":6},"end":{"line":68,"column":9}},"20":{"start":{"line":43,"column":13},"end":{"line":43,"column":23}},"21":{"start":{"line":76,"column":26},"end":{"line":106,"column":1}},"22":{"start":{"line":77,"column":2},"end":{"line":105,"column":3}},"23":{"start":{"line":79,"column":29},"end":{"line":79,"column":64}},"24":{"start":{"line":80,"column":4},"end":{"line":82,"column":5}},"25":{"start":{"line":81,"column":6},"end":{"line":81,"column":56}},"26":{"start":{"line":84,"column":17},"end":{"line":87,"column":6}},"27":{"start":{"line":89,"column":4},"end":{"line":92,"column":7}},"28":{"start":{"line":94,"column":4},"end":{"line":104,"column":5}},"29":{"start":{"line":95,"column":6},"end":{"line":98,"column":9}},"30":{"start":{"line":100,"column":6},"end":{"line":103,"column":9}},"31":{"start":{"line":76,"column":13},"end":{"line":76,"column":26}},"32":{"start":{"line":111,"column":26},"end":{"line":146,"column":1}},"33":{"start":{"line":112,"column":2},"end":{"line":145,"column":3}},"34":{"start":{"line":114,"column":29},"end":{"line":114,"column":64}},"35":{"start":{"line":115,"column":4},"end":{"line":117,"column":5}},"36":{"start":{"line":116,"column":6},"end":{"line":116,"column":56}},"37":{"start":{"line":119,"column":17},"end":{"line":122,"column":null}},"38":{"start":{"line":125,"column":4},"end":{"line":127,"column":5}},"39":{"start":{"line":126,"column":6},"end":{"line":126,"column":48}},"40":{"start":{"line":129,"column":4},"end":{"line":132,"column":7}},"41":{"start":{"line":134,"column":4},"end":{"line":144,"column":5}},"42":{"start":{"line":135,"column":6},"end":{"line":138,"column":9}},"43":{"start":{"line":140,"column":6},"end":{"line":143,"column":9}},"44":{"start":{"line":111,"column":13},"end":{"line":111,"column":26}},"45":{"start":{"line":151,"column":26},"end":{"line":179,"column":1}},"46":{"start":{"line":152,"column":2},"end":{"line":178,"column":3}},"47":{"start":{"line":153,"column":17},"end":{"line":156,"column":6}},"48":{"start":{"line":158,"column":4},"end":{"line":160,"column":5}},"49":{"start":{"line":159,"column":6},"end":{"line":159,"column":48}},"50":{"start":{"line":162,"column":4},"end":{"line":165,"column":7}},"51":{"start":{"line":167,"column":4},"end":{"line":177,"column":5}},"52":{"start":{"line":168,"column":6},"end":{"line":171,"column":9}},"53":{"start":{"line":173,"column":6},"end":{"line":176,"column":9}},"54":{"start":{"line":151,"column":13},"end":{"line":151,"column":26}}},"fnMap":{"0":{"name":"(anonymous_1)","decl":{"start":{"line":23,"column":24},"end":{"line":23,"column":29}},"loc":{"start":{"line":23,"column":81},"end":{"line":38,"column":1}}},"1":{"name":"(anonymous_2)","decl":{"start":{"line":43,"column":23},"end":{"line":43,"column":28}},"loc":{"start":{"line":43,"column":80},"end":{"line":71,"column":1}}},"2":{"name":"(anonymous_3)","decl":{"start":{"line":76,"column":26},"end":{"line":76,"column":31}},"loc":{"start":{"line":76,"column":83},"end":{"line":106,"column":1}}},"3":{"name":"(anonymous_4)","decl":{"start":{"line":111,"column":26},"end":{"line":111,"column":31}},"loc":{"start":{"line":111,"column":83},"end":{"line":146,"column":1}}},"4":{"name":"(anonymous_5)","decl":{"start":{"line":151,"column":26},"end":{"line":151,"column":31}},"loc":{"start":{"line":151,"column":83},"end":{"line":179,"column":1}}}},"branchMap":{"0":{"loc":{"start":{"line":50,"column":4},"end":{"line":52,"column":5}},"type":"if","locations":[{"start":{"line":50,"column":4},"end":{"line":52,"column":5}}]},"1":{"loc":{"start":{"line":59,"column":4},"end":{"line":69,"column":5}},"type":"if","locations":[{"start":{"line":59,"column":4},"end":{"line":69,"column":5}},{"start":{"line":64,"column":11},"end":{"line":69,"column":5}}]},"2":{"loc":{"start":{"line":80,"column":4},"end":{"line":82,"column":5}},"type":"if","locations":[{"start":{"line":80,"column":4},"end":{"line":82,"column":5}}]},"3":{"loc":{"start":{"line":94,"column":4},"end":{"line":104,"column":5}},"type":"if","locations":[{"start":{"line":94,"column":4},"end":{"line":104,"column":5}},{"start":{"line":99,"column":11},"end":{"line":104,"column":5}}]},"4":{"loc":{"start":{"line":115,"column":4},"end":{"line":117,"column":5}},"type":"if","locations":[{"start":{"line":115,"column":4},"end":{"line":117,"column":5}}]},"5":{"loc":{"start":{"line":125,"column":4},"end":{"line":127,"column":5}},"type":"if","locations":[{"start":{"line":125,"column":4},"end":{"line":127,"column":5}}]},"6":{"loc":{"start":{"line":134,"column":4},"end":{"line":144,"column":5}},"type":"if","locations":[{"start":{"line":134,"column":4},"end":{"line":144,"column":5}},{"start":{"line":139,"column":11},"end":{"line":144,"column":5}}]},"7":{"loc":{"start":{"line":158,"column":4},"end":{"line":160,"column":5}},"type":"if","locations":[{"start":{"line":158,"column":4},"end":{"line":160,"column":5}}]},"8":{"loc":{"start":{"line":167,"column":4},"end":{"line":177,"column":5}},"type":"if","locations":[{"start":{"line":167,"column":4},"end":{"line":177,"column":5}},{"start":{"line":172,"column":11},"end":{"line":177,"column":5}}]}},"s":{"0":1,"1":1,"2":1,"3":1,"4":1,"5":1,"6":0,"7":0,"8":0,"9":0,"10":1,"11":1,"12":0,"13":0,"14":0,"15":0,"16":0,"17":0,"18":0,"19":0,"20":1,"21":1,"22":0,"23":0,"24":0,"25":0,"26":0,"27":0,"28":0,"29":0,"30":0,"31":1,"32":1,"33":0,"34":0,"35":0,"36":0,"37":0,"38":0,"39":0,"40":0,"41":0,"42":0,"43":0,"44":1,"45":1,"46":0,"47":0,"48":0,"49":0,"50":0,"51":0,"52":0,"53":0,"54":1},"f":{"0":0,"1":0,"2":0,"3":0,"4":0},"b":{"0":[0],"1":[0,0],"2":[0],"3":[0,0],"4":[0],"5":[0],"6":[0,0],"7":[0],"8":[0,0]}}
,"/home/runner/work/potential-bassoon/potential-bassoon/backend/src/middleware/auth.ts": {"path":"/home/runner/work/potential-bassoon/potential-bassoon/backend/src/middleware/auth.ts","statementMap":{"0":{"start":{"line":2,"column":0},"end":{"line":2,"column":31}},"1":{"start":{"line":3,"column":0},"end":{"line":3,"column":35}},"2":{"start":{"line":4,"column":0},"end":{"line":4,"column":38}},"3":{"start":{"line":10,"column":28},"end":{"line":42,"column":1}},"4":{"start":{"line":15,"column":2},"end":{"line":41,"column":3}},"5":{"start":{"line":17,"column":23},"end":{"line":17,"column":48}},"6":{"start":{"line":19,"column":4},"end":{"line":22,"column":5}},"7":{"start":{"line":20,"column":6},"end":{"line":20,"column":74}},"8":{"start":{"line":21,"column":6},"end":{"line":21,"column":13}},"9":{"start":{"line":24,"column":18},"end":{"line":24,"column":41}},"10":{"start":{"line":27,"column":20},"end":{"line":27,"column":73}},"11":{"start":{"line":30,"column":17},"end":{"line":30,"column":68}},"12":{"start":{"line":32,"column":4},"end":{"line":35,"column":5}},"13":{"start":{"line":33,"column":6},"end":{"line":33,"column":58}},"14":{"start":{"line":34,"column":6},"end":{"line":34,"column":13}},"15":{"start":{"line":37,"column":4},"end":{"line":37,"column":20}},"16":{"start":{"line":38,"column":4},"end":{"line":38,"column":11}},"17":{"start":{"line":40,"column":4},"end":{"line":40,"column":60}},"18":{"start":{"line":10,"column":13},"end":{"line":10,"column":28}}},"fnMap":{"0":{"name":"(anonymous_1)","decl":{"start":{"line":10,"column":28},"end":{"line":10,"column":33}},"loc":{"start":{"line":14,"column":19},"end":{"line":42,"column":1}}}},"branchMap":{"0":{"loc":{"start":{"line":19,"column":4},"end":{"line":22,"column":5}},"type":"if","locations":[{"start":{"line":19,"column":4},"end":{"line":22,"column":5}}]},"1":{"loc":{"start":{"line":19,"column":8},"end":{"line":19,"column":56}},"type":"binary-expr","locations":[{"start":{"line":19,"column":8},"end":{"line":19,"column":19}},{"start":{"line":19,"column":23},"end":{"line":19,"column":56}}]},"2":{"loc":{"start":{"line":32,"column":4},"end":{"line":35,"column":5}},"type":"if","locations":[{"start":{"line":32,"column":4},"end":{"line":35,"column":5}}]}},"s":{"0":1,"1":1,"2":1,"3":1,"4":0,"5":0,"6":0,"7":0,"8":0,"9":0,"10":0,"11":0,"12":0,"13":0,"14":0,"15":0,"16":0,"17":0,"18":1},"f":{"0":0},"b":{"0":[0],"1":[0,0],"2":[0]}}
,"/home/runner/work/potential-bassoon/potential-bassoon/backend/src/middleware/errorHandler.ts": {"path":"/home/runner/work/potential-bassoon/potential-bassoon/backend/src/middleware/errorHandler.ts","statementMap":{"0":{"start":{"line":8,"column":4},"end":{"line":8,"column":19}},"1":{"start":{"line":9,"column":4},"end":{"line":9,"column":33}},"2":{"start":{"line":10,"column":4},"end":{"line":10,"column":30}},"3":{"start":{"line":12,"column":4},"end":{"line":12,"column":52}},"4":{"start":{"line":3,"column":0},"end":{"line":3,"column":13}},"5":{"start":{"line":16,"column":28},"end":{"line":55,"column":1}},"6":{"start":{"line":22,"column":2},"end":{"line":22,"column":31}},"7":{"start":{"line":24,"column":2},"end":{"line":30,"column":3}},"8":{"start":{"line":25,"column":4},"end":{"line":28,"column":7}},"9":{"start":{"line":29,"column":4},"end":{"line":29,"column":11}},"10":{"start":{"line":33,"column":2},"end":{"line":39,"column":3}},"11":{"start":{"line":34,"column":4},"end":{"line":37,"column":7}},"12":{"start":{"line":38,"column":4},"end":{"line":38,"column":11}},"13":{"start":{"line":42,"column":2},"end":{"line":48,"column":3}},"14":{"start":{"line":43,"column":4},"end":{"line":46,"column":7}},"15":{"start":{"line":47,"column":4},"end":{"line":47,"column":11}},"16":{"start":{"line":51,"column":2},"end":{"line":54,"column":5}},"17":{"start":{"line":16,"column":13},"end":{"line":16,"column":28}},"18":{"start":{"line":57,"column":24},"end":{"line":62,"column":1}},"19":{"start":{"line":58,"column":2},"end":{"line":61,"column":5}},"20":{"start":{"line":57,"column":13},"end":{"line":57,"column":24}}},"fnMap":{"0":{"name":"(anonymous_0)","decl":{"start":{"line":7,"column":2},"end":{"line":7,"column":14}},"loc":{"start":{"line":7,"column":49},"end":{"line":13,"column":3}}},"1":{"name":"(anonymous_1)","decl":{"start":{"line":16,"column":28},"end":{"line":16,"column":null}},"loc":{"start":{"line":21,"column":10},"end":{"line":55,"column":1}}},"2":{"name":"(anonymous_2)","decl":{"start":{"line":57,"column":24},"end":{"line":57,"column":25}},"loc":{"start":{"line":57,"column":62},"end":{"line":62,"column":1}}}},"branchMap":{"0":{"loc":{"start":{"line":24,"column":2},"end":{"line":30,"column":3}},"type":"if","locations":[{"start":{"line":24,"column":2},"end":{"line":30,"column":3}}]},"1":{"loc":{"start":{"line":33,"column":2},"end":{"line":39,"column":3}},"type":"if","locations":[{"start":{"line":33,"column":2},"end":{"line":39,"column":3}}]},"2":{"loc":{"start":{"line":42,"column":2},"end":{"line":48,"column":3}},"type":"if","locations":[{"start":{"line":42,"column":2},"end":{"line":48,"column":3}}]},"3":{"loc":{"start":{"line":42,"column":6},"end":{"line":42,"column":68}},"type":"binary-expr","locations":[{"start":{"line":42,"column":6},"end":{"line":42,"column":37}},{"start":{"line":42,"column":42},"end":{"line":42,"column":68}}]}},"s":{"0":0,"1":0,"2":0,"3":0,"4":1,"5":1,"6":0,"7":0,"8":0,"9":0,"10":0,"11":0,"12":0,"13":0,"14":0,"15":0,"16":0,"17":1,"18":1,"19":0,"20":1},"f":{"0":0,"1":0,"2":0},"b":{"0":[0],"1":[0],"2":[0],"3":[0,0]}}
,"/home/runner/work/potential-bassoon/potential-bassoon/backend/src/middleware/logger.ts": {"path":"/home/runner/work/potential-bassoon/potential-bassoon/backend/src/middleware/logger.ts","statementMap":{"0":{"start":{"line":3,"column":22},"end":{"line":14,"column":1}},"1":{"start":{"line":4,"column":16},"end":{"line":4,"column":26}},"2":{"start":{"line":6,"column":2},"end":{"line":11,"column":5}},"3":{"start":{"line":7,"column":21},"end":{"line":7,"column":39}},"4":{"start":{"line":8,"column":4},"end":{"line":10,"column":6}},"5":{"start":{"line":13,"column":2},"end":{"line":13,"column":9}},"6":{"start":{"line":3,"column":13},"end":{"line":3,"column":22}}},"fnMap":{"0":{"name":"(anonymous_0)","decl":{"start":{"line":3,"column":22},"end":{"line":3,"column":23}},"loc":{"start":{"line":3,"column":80},"end":{"line":14,"column":1}}},"1":{"name":"(anonymous_1)","decl":{"start":{"line":6,"column":19},"end":{"line":6,"column":22}},"loc":{"start":{"line":6,"column":24},"end":{"line":11,"column":3}}}},"branchMap":{},"s":{"0":1,"1":1,"2":1,"3":1,"4":1,"5":1,"6":1},"f":{"0":1,"1":1},"b":{}}
,"/home/runner/work/potential-bassoon/potential-bassoon/backend/src/models/Task.ts": {"path":"/home/runner/work/potential-bassoon/potential-bassoon/backend/src/models/Task.ts","statementMap":{"0":{"start":{"line":1,"column":0},"end":{"line":1,"column":54}},"1":{"start":{"line":12,"column":19},"end":{"line":36,"column":null}},"2":{"start":{"line":39,"column":13},"end":{"line":39,"column":62}}},"fnMap":{},"branchMap":{},"s":{"0":1,"1":1,"2":1},"f":{},"b":{}}
,"/home/runner/work/potential-bassoon/potential-bassoon/backend/src/models/User.ts": {"path":"/home/runner/work/potential-bassoon/potential-bassoon/backend/src/models/User.ts","statementMap":{"0":{"start":{"line":1,"column":0},"end":{"line":1,"column":54}},"1":{"start":{"line":2,"column":0},"end":{"line":2,"column":30}},"2":{"start":{"line":12,"column":19},"end":{"line":35,"column":2}},"3":{"start":{"line":38,"column":0},"end":{"line":45,"column":3}},"4":{"start":{"line":39,"column":2},"end":{"line":41,"column":3}},"5":{"start":{"line":40,"column":4},"end":{"line":40,"column":18}},"6":{"start":{"line":42,"column":15},"end":{"line":42,"column":39}},"7":{"start":{"line":43,"column":2},"end":{"line":43,"column":57}},"8":{"start":{"line":44,"column":2},"end":{"line":44,"column":9}},"9":{"start":{"line":48,"column":0},"end":{"line":50,"column":2}},"10":{"start":{"line":49,"column":2},"end":{"line":49,"column":58}},"11":{"start":{"line":52,"column":13},"end":{"line":52,"column":62}}},"fnMap":{"0":{"name":"(anonymous_10)","decl":{"start":{"line":38,"column":23},"end":{"line":38,"column":28}},"loc":{"start":{"line":38,"column":43},"end":{"line":45,"column":1}}},"1":{"name":"(anonymous_11)","decl":{"start":{"line":48,"column":37},"end":{"line":48,"column":42}},"loc":{"start":{"line":48,"column":78},"end":{"line":50,"column":1}}}},"branchMap":{"0":{"loc":{"start":{"line":39,"column":2},"end":{"line":41,"column":3}},"type":"if","locations":[{"start":{"line":39,"column":2},"end":{"line":41,"column":3}}]}},"s":{"0":1,"1":1,"2":1,"3":1,"4":0,"5":0,"6":0,"7":0,"8":0,"9":1,"10":0,"11":1},"f":{"0":0,"1":0},"b":{"0":[0]}}
,"/home/runner/work/potential-bassoon/potential-bassoon/backend/src/routes/authRoutes.ts": {"path":"/home/runner/work/potential-bassoon/potential-bassoon/backend/src/routes/authRoutes.ts","statementMap":{"0":{"start":{"line":1,"column":0},"end":{"line":1,"column":33}},"1":{"start":{"line":2,"column":0},"end":{"line":2,"column":71}},"2":{"start":{"line":3,"column":0},"end":{"line":3,"column":50}},"3":{"start":{"line":5,"column":15},"end":{"line":5,"column":23}},"4":{"start":{"line":7,"column":0},"end":{"line":7,"column":35}},"5":{"start":{"line":8,"column":0},"end":{"line":8,"column":29}},"6":{"start":{"line":9,"column":0},"end":{"line":9,"column":39}},"7":{"start":{"line":11,"column":0},"end":{"line":11,"column":22}}},"fnMap":{},"branchMap":{},"s":{"0":1,"1":1,"2":1,"3":1,"4":1,"5":1,"6":1,"7":1},"f":{},"b":{}}
,"/home/runner/work/potential-bassoon/potential-bassoon/backend/src/routes/index.ts": {"path":"/home/runner/work/potential-bassoon/potential-bassoon/backend/src/routes/index.ts","statementMap":{"0":{"start":{"line":1,"column":0},"end":{"line":1,"column":33}},"1":{"start":{"line":2,"column":0},"end":{"line":2,"column":38}},"2":{"start":{"line":3,"column":0},"end":{"line":3,"column":38}},"3":{"start":{"line":5,"column":15},"end":{"line":5,"column":23}},"4":{"start":{"line":7,"column":0},"end":{"line":7,"column":32}},"5":{"start":{"line":8,"column":0},"end":{"line":8,"column":33}},"6":{"start":{"line":11,"column":0},"end":{"line":13,"column":3}},"7":{"start":{"line":12,"column":2},"end":{"line":12,"column":71}},"8":{"start":{"line":15,"column":0},"end":{"line":15,"column":22}}},"fnMap":{"0":{"name":"(anonymous_1)","decl":{"start":{"line":11,"column":22},"end":{"line":11,"column":23}},"loc":{"start":{"line":11,"column":35},"end":{"line":13,"column":1}}}},"branchMap":{},"s":{"0":1,"1":1,"2":1,"3":1,"4":1,"5":1,"6":1,"7":1,"8":1},"f":{"0":1},"b":{}}
,"/home/runner/work/potential-bassoon/potential-bassoon/backend/src/routes/taskRoutes.ts": {"path":"/home/runner/work/potential-bassoon/potential-bassoon/backend/src/routes/taskRoutes.ts","statementMap":{"0":{"start":{"line":1,"column":0},"end":{"line":1,"column":33}},"1":{"start":{"line":2,"column":0},"end":{"line":2,"column":null}},"2":{"start":{"line":9,"column":0},"end":{"line":9,"column":50}},"3":{"start":{"line":11,"column":15},"end":{"line":11,"column":23}},"4":{"start":{"line":14,"column":0},"end":{"line":14,"column":25}},"5":{"start":{"line":16,"column":0},"end":{"line":16,"column":49}},"6":{"start":{"line":17,"column":0},"end":{"line":17,"column":69}},"7":{"start":{"line":19,"column":0},"end":{"line":19,"column":22}}},"fnMap":{},"branchMap":{},"s":{"0":1,"1":1,"2":1,"3":1,"4":1,"5":1,"6":1,"7":1},"f":{},"b":{}}
}
